<?xml version="1.0" encoding="UTF-8"?>
<testsuite name="com.cshep4.kripto.idempotency.IdempotencerTest" tests="4" skipped="0" failures="0" errors="0" timestamp="2021-09-12T21:25:05" hostname="192.168.1.107" time="2.882">
  <properties/>
  <testcase name="'check' returns true if doc exists" classname="com.cshep4.kripto.idempotency.IdempotencerTest" time="2.852"/>
  <testcase name="'check' returns false if doc does not exist" classname="com.cshep4.kripto.idempotency.IdempotencerTest" time="0.011"/>
  <testcase name="'check' returns error if error storing key" classname="com.cshep4.kripto.idempotency.IdempotencerTest" time="0.012"/>
  <testcase name="TTL index is ensured on init" classname="com.cshep4.kripto.idempotency.IdempotencerTest" time="0.005"/>
  <system-out><![CDATA[]]></system-out>
  <system-err><![CDATA[]]></system-err>
</testsuite>
